<?xml version="1.0" encoding="UTF-8"?>
<testng-results skipped="0" failed="0" total="1" passed="1">
  <reporter-output>
  </reporter-output>
  <suite name="Default suite" duration-ms="1283" started-at="2019-06-20T06:59:57Z" finished-at="2019-06-20T06:59:58Z">
    <groups>
    </groups>
    <test name="Default test" duration-ms="1283" started-at="2019-06-20T06:59:57Z" finished-at="2019-06-20T06:59:58Z">
      <class name="com.shell.theagilehub.services.XrayServices">
        <test-method status="PASS" signature="importCucumberJsonToXray()[pri:0, instance:com.shell.theagilehub.services.XrayServices@548e7350]" name="importCucumberJsonToXray" duration-ms="1269" started-at="2019-06-20T12:29:57Z" finished-at="2019-06-20T12:29:58Z">
          <reporter-output>
          </reporter-output>
        </test-method> <!-- importCucumberJsonToXray -->
      </class> <!-- com.shell.theagilehub.services.XrayServices -->
    </test> <!-- Default test -->
  </suite> <!-- Default suite -->
</testng-results>
